{
  "RSpec": {
    "coverage": {
      "/Users/noahgottlieb/Desktop/portforlio_rails/spec/features/add_users_pages_spec.rb": [
        1,
        null,
        1,
        1,
        1,
        1,
        1,
        1,
        1,
        1,
        1,
        1,
        1,
        1,
        null,
        null
      ],
      "/Users/noahgottlieb/Desktop/portforlio_rails/spec/rails_helper.rb": [
        null,
        1,
        1,
        1,
        null,
        1,
        1,
        null,
        null,
        null,
        null,
        null,
        null,
        null,
        null,
        null,
        null,
        null,
        null,
        null,
        null,
        null,
        null,
        null,
        null,
        null,
        1,
        null,
        1,
        null,
        1,
        null,
        null,
        null,
        null,
        1,
        null,
        null,
        null,
        null,
        null,
        null,
        null,
        null,
        null,
        null,
        null,
        null,
        null,
        null,
        1,
        null,
        null,
        1,
        null,
        null,
        null,
        null,
        null,
        1,
        1,
        1,
        1,
        null,
        null
      ],
      "/Users/noahgottlieb/Desktop/portforlio_rails/config/environment.rb": [
        null,
        1,
        null,
        null,
        1
      ],
      "/Users/noahgottlieb/Desktop/portforlio_rails/config/application.rb": [
        1,
        null,
        1,
        null,
        1,
        1,
        1,
        1,
        1,
        1,
        1,
        1,
        null,
        null,
        null,
        null,
        1,
        null,
        1,
        1,
        null,
        1,
        null,
        null,
        null,
        null,
        null,
        null,
        1,
        null,
        null
      ],
      "/Users/noahgottlieb/Desktop/portforlio_rails/config/boot.rb": [
        1,
        null,
        1
      ],
      "/Users/noahgottlieb/Desktop/portforlio_rails/config/environments/test.rb": [
        1,
        null,
        null,
        null,
        null,
        null,
        null,
        1,
        null,
        null,
        null,
        null,
        1,
        null,
        null,
        1,
        1,
        null,
        null,
        null,
        null,
        1,
        1,
        null,
        null,
        1,
        null,
        null,
        1,
        1,
        null,
        null,
        null,
        null,
        1,
        null,
        null,
        1,
        null,
        null,
        null,
        null
      ],
      "/Users/noahgottlieb/Desktop/portforlio_rails/config/initializers/application_controller_renderer.rb": [
        null,
        null,
        null,
        null,
        null,
        null,
        null,
        null
      ],
      "/Users/noahgottlieb/Desktop/portforlio_rails/config/initializers/assets.rb": [
        null,
        null,
        null,
        1,
        null,
        null,
        null,
        null,
        1,
        null,
        null,
        null,
        null,
        null
      ],
      "/Users/noahgottlieb/Desktop/portforlio_rails/config/initializers/backtrace_silencers.rb": [
        null,
        null,
        null,
        null,
        null,
        null,
        null
      ],
      "/Users/noahgottlieb/Desktop/portforlio_rails/config/initializers/cookies_serializer.rb": [
        null,
        null,
        null,
        null,
        1
      ],
      "/Users/noahgottlieb/Desktop/portforlio_rails/config/initializers/filter_parameter_logging.rb": [
        null,
        null,
        null,
        1
      ],
      "/Users/noahgottlieb/Desktop/portforlio_rails/config/initializers/inflections.rb": [
        null,
        null,
        null,
        null,
        null,
        null,
        null,
        null,
        null,
        null,
        null,
        null,
        null,
        null,
        null,
        null
      ],
      "/Users/noahgottlieb/Desktop/portforlio_rails/config/initializers/mime_types.rb": [
        null,
        null,
        null,
        null
      ],
      "/Users/noahgottlieb/Desktop/portforlio_rails/config/initializers/wrap_parameters.rb": [
        null,
        null,
        null,
        null,
        null,
        null,
        1,
        2,
        null,
        null,
        null,
        null,
        null,
        null
      ],
      "/Users/noahgottlieb/Desktop/portforlio_rails/config/routes.rb": [
        1,
        null,
        1,
        null,
        1,
        1,
        null,
        1,
        1,
        1,
        null,
        1,
        1,
        null,
        null,
        null
      ],
      "/Users/noahgottlieb/Desktop/portforlio_rails/app/controllers/application_controller.rb": [
        1,
        1,
        1,
        1,
        1,
        null,
        null,
        1,
        43,
        37,
        null,
        null,
        null,
        1,
        6,
        null,
        null,
        1,
        4,
        0,
        0,
        null,
        null,
        null,
        1,
        4,
        0,
        0,
        null,
        null,
        null
      ],
      "/Users/noahgottlieb/Desktop/portforlio_rails/app/helpers/application_helper.rb": [
        1,
        null
      ],
      "/Users/noahgottlieb/Desktop/portforlio_rails/app/channels/application_cable/channel.rb": [
        1,
        1,
        null,
        null
      ],
      "/Users/noahgottlieb/Desktop/portforlio_rails/app/channels/application_cable/connection.rb": [
        1,
        1,
        null,
        null
      ],
      "/Users/noahgottlieb/Desktop/portforlio_rails/app/controllers/comments_controller.rb": [
        1,
        1,
        1,
        1,
        0,
        0,
        null,
        null,
        1,
        0,
        0,
        0,
        0,
        0,
        null,
        0,
        null,
        null,
        null,
        1,
        0,
        0,
        null,
        null,
        1,
        0,
        0,
        0,
        0,
        0,
        null,
        0,
        null,
        null,
        null,
        1,
        0,
        0,
        0,
        0,
        0,
        null,
        null,
        1,
        1,
        0,
        null,
        null
      ],
      "/Users/noahgottlieb/Desktop/portforlio_rails/app/controllers/projects_controller.rb": [
        1,
        1,
        1,
        null,
        1,
        4,
        null,
        null,
        1,
        0,
        null,
        null,
        1,
        0,
        null,
        null,
        1,
        0,
        0,
        0,
        0,
        null,
        0,
        null,
        null,
        null,
        1,
        2,
        null,
        null,
        1,
        2,
        2,
        1,
        1,
        null,
        1,
        null,
        null,
        null,
        1,
        0,
        0,
        0,
        0,
        null,
        null,
        1,
        1,
        2,
        null,
        null
      ],
      "/Users/noahgottlieb/Desktop/portforlio_rails/app/controllers/sessions_controller.rb": [
        1,
        1,
        2,
        2,
        2,
        2,
        2,
        null,
        0,
        0,
        null,
        null,
        null,
        1,
        0,
        0,
        0,
        null,
        null
      ],
      "/Users/noahgottlieb/Desktop/portforlio_rails/app/controllers/users_controller.rb": [
        1,
        null,
        1,
        3,
        null,
        null,
        1,
        2,
        2,
        1,
        1,
        1,
        null,
        1,
        1,
        null,
        null,
        null,
        1,
        null,
        1,
        2,
        null,
        null
      ],
      "/Users/noahgottlieb/Desktop/portforlio_rails/app/jobs/application_job.rb": [
        1,
        null
      ],
      "/Users/noahgottlieb/Desktop/portforlio_rails/app/mailers/application_mailer.rb": [
        1,
        1,
        1,
        null
      ],
      "/Users/noahgottlieb/Desktop/portforlio_rails/app/models/application_record.rb": [
        1,
        1,
        null
      ],
      "/Users/noahgottlieb/Desktop/portforlio_rails/app/models/comment.rb": [
        1,
        1,
        1,
        null
      ],
      "/Users/noahgottlieb/Desktop/portforlio_rails/app/models/project.rb": [
        1,
        1,
        1,
        1,
        1,
        1,
        1,
        1,
        null
      ],
      "/Users/noahgottlieb/Desktop/portforlio_rails/app/models/user.rb": [
        1,
        null,
        1,
        1,
        1,
        1,
        1,
        null,
        1,
        3,
        3,
        null,
        null,
        1,
        2,
        2,
        2,
        null,
        null,
        null,
        null,
        null
      ],
      "/Users/noahgottlieb/Desktop/portforlio_rails/spec/factories.rb": [
        1,
        null,
        1,
        1,
        1,
        1,
        null,
        null,
        1,
        1,
        1,
        1,
        1,
        null,
        null,
        1,
        1,
        1,
        1,
        null,
        null,
        1,
        3,
        1,
        1,
        null,
        null
      ],
      "/Users/noahgottlieb/Desktop/portforlio_rails/spec/features/project_edit_pages_spec.rb": [
        1,
        null,
        1,
        1,
        1,
        1,
        1,
        1,
        1,
        1,
        1,
        1,
        1,
        1,
        null,
        null,
        1,
        1,
        1,
        1,
        1,
        1,
        1,
        1,
        1,
        1,
        1,
        1,
        1,
        null,
        null
      ],
      "/Users/noahgottlieb/Desktop/portforlio_rails/spec/models/comment_spec.rb": [
        1,
        null,
        1,
        2,
        2,
        null
      ],
      "/Users/noahgottlieb/Desktop/portforlio_rails/spec/models/project_spec.rb": [
        1,
        null,
        1,
        2,
        2,
        null
      ]
    },
    "timestamp": 1512343421
  }
}
